<?xml version="1.0" encoding="UTF-8"?>
<!-- Generated by org.testng.reporters.JUnitReportReporter -->
<testsuite hostname="Dipali_Dell" failures="0" tests="1" name="org.alert.Ex1TestNG" time="0.019" errors="0" timestamp="2024-12-22T15:18:20 IST" skipped="0">
  <testcase classname="org.alert.Ex1TestNG" name="testCase1" time="0.019"/>
  <system-out/>
</testsuite> <!-- org.alert.Ex1TestNG -->
