<?xml version="1.0" encoding="UTF-8"?>
<!-- Generated by org.testng.reporters.JUnitReportReporter -->
<testsuite hostname="Dipali_Dell" failures="0" tests="3" name="org.AnnotationsBasics.OrangeHRMBAMethod" time="67.642" errors="0" timestamp="2024-12-24T17:04:25 IST" skipped="0">
  <testcase classname="org.AnnotationsBasics.OrangeHRMBAMethod" name="testPIMCreation" time="18.144"/>
  <system-out/>
  <testcase classname="org.AnnotationsBasics.OrangeHRMBAMethod" name="testPIMUpdate" time="28.132"/>
  <system-out/>
  <testcase classname="org.AnnotationsBasics.OrangeHRMBAMethod" name="testPIMDelete" time="21.366"/>
  <system-out/>
</testsuite> <!-- org.AnnotationsBasics.OrangeHRMBAMethod -->
