<?xml version="1.0" encoding="UTF-8"?>
<!-- Generated by org.testng.reporters.JUnitReportReporter -->
<testsuite hostname="Dipali_Dell" failures="0" tests="3" name="org.TestNgAssignment.OrangeHRMTestCase" time="43.177" errors="0" timestamp="2024-12-24T16:20:55 IST" skipped="0">
  <testcase classname="org.TestNgAssignment.OrangeHRMTestCase" name="testPIMCreation" time="20.782"/>
  <system-out/>
  <testcase classname="org.TestNgAssignment.OrangeHRMTestCase" name="testPIMUpdate" time="14.873"/>
  <system-out/>
  <testcase classname="org.TestNgAssignment.OrangeHRMTestCase" name="testPIMDelete" time="7.522"/>
  <system-out/>
</testsuite> <!-- org.TestNgAssignment.OrangeHRMTestCase -->
