<?xml version="1.0" encoding="UTF-8"?>
<!-- Generated by org.testng.reporters.JUnitReportReporter -->
<testsuite hostname="Dipali_Dell" failures="0" tests="2" name="org.TestNgAssignment.Etrain" time="103.172" errors="0" timestamp="2024-12-24T16:29:48 IST" skipped="0">
  <testcase classname="org.TestNgAssignment.Etrain" name="testEtrain1" time="82.759"/>
  <system-out/>
  <testcase classname="org.TestNgAssignment.Etrain" name="testetrain2" time="20.413"/>
  <system-out/>
</testsuite> <!-- org.TestNgAssignment.Etrain -->
