<?xml version="1.0" encoding="UTF-8"?>
<!-- Generated by org.testng.reporters.JUnitReportReporter -->
<testsuite hostname="Dipali_Dell" failures="0" tests="3" name="org.AnnotationsBasics.OrangeHRMTestAndMethod" time="41.018" errors="0" timestamp="2024-12-24T17:18:09 IST" skipped="0">
  <testcase classname="org.AnnotationsBasics.OrangeHRMTestAndMethod" name="testPIMCreation" time="11.582"/>
  <system-out/>
  <testcase classname="org.AnnotationsBasics.OrangeHRMTestAndMethod" name="testPIMUpdate" time="16.155"/>
  <system-out/>
  <testcase classname="org.AnnotationsBasics.OrangeHRMTestAndMethod" name="testPIMDelete" time="13.281"/>
  <system-out/>
</testsuite> <!-- org.AnnotationsBasics.OrangeHRMTestAndMethod -->
